Arguments: 
  C:\Program Files\nodejs\node.exe C:\Users\CYEW\AppData\Roaming\npm\node_modules\yarn\bin\yarn.js

PATH: 
  C:\Program Files\Eclipse Adoptium\jre-8.0.422.5-hotspot\bin;C:\Program Files (x86)\Eclipse Adoptium\jre-8.0.422.5-hotspot\bin;C:\Program Files\Python311\Scripts\;C:\Program Files\Python311\;C:\Windows\system32;C:\Windows;C:\Windows\System32\Wbem;C:\Windows\System32\WindowsPowerShell\v1.0\;C:\Windows\System32\OpenSSH\;C:\Program Files (x86)\NVIDIA Corporation\PhysX\Common;C:\Program Files (x86)\OpenText\Viewer\bin;C:\Program Files\dotnet\;C:\WINDOWS\system32;C:\WINDOWS;C:\WINDOWS\System32\Wbem;C:\WINDOWS\System32\WindowsPowerShell\v1.0\;C:\WINDOWS\System32\OpenSSH\;C:\Program Files\Git\cmd;C:\Program Files\nodejs\;C:\Users\CYEW\AppData\Local\Microsoft\WindowsApps;C:\Program Files\Git\bin;C:\Users\CYEW\AppData\Roaming\npm;C:\Users\CYEW\samuel\programas\apache-maven-3.2.5-bin\apache-maven-3.2.5\bin;C:\Users\CYEW\samuel\programas\corretto-17.0.7\bin;C:\Users\CYEW\AppData\Local\Microsoft\WinGet\Packages\Schniz.fnm_Microsoft.Winget.Source_8wekyb3d8bbwe;

Yarn version: 
  1.22.19

Node version: 
  20.11.0

Platform: 
  win32 x64

Trace: 
  Error: https://registry.yarnpkg.com/@types%2fexpress: tunneling socket could not be established, statusCode=407
      at ClientRequest.onConnect (C:\Users\CYEW\AppData\Roaming\npm\node_modules\yarn\lib\cli.js:152365:19)
      at Object.onceWrapper (node:events:633:26)
      at ClientRequest.emit (node:events:518:28)
      at Socket.socketOnData (node:_http_client:575:11)
      at Socket.emit (node:events:518:28)
      at addChunk (node:internal/streams/readable:559:12)
      at readableAddChunkPushByteMode (node:internal/streams/readable:510:3)
      at Readable.push (node:internal/streams/readable:390:5)
      at TCP.onStreamRead (node:internal/stream_base_commons:190:23)

npm manifest: 
  {
    "devDependencies": {
      "@swc/cli": "^0.1.55",
      "@swc/core": "^1.2.148",
      "@swc/jest": "^0.2.20",
      "@types/jest": "^27.4.1",
      "@types/jstoxml": "^2.0.2",
      "@types/supertest": "^2.0.12",
      "jest": "^27.5.1",
      "supertest": "^6.2.2",
      "ts-node": "^10.6.0",
      "tslint": "^6.1.3",
      "typescript": "^4.5.5"
    },
    "scripts": {
      "test": "npm run tsc -- --noEmit && jest",
      "tsc": "tsc",
      "dev": "nodemon src/infrastructure/api/server.ts"
    },
    "dependencies": {
      "@types/express": "^4.17.13",
      "@types/uuid": "^8.3.4",
      "dotenv": "^16.0.0",
      "express": "^4.17.3",
      "jstoxml": "^3.2.3",
      "nodemon": "^2.0.15",
      "reflect-metadata": "^0.1.13",
      "sequelize": "^6.17.0",
      "sequelize-typescript": "^2.1.3",
      "sqlite3": "^5.0.2",
      "uuid": "^8.3.2",
      "yup": "^0.32.11"
    }
  }

yarn manifest: 
  No manifest

Lockfile: 
  No lockfile
